# Logfile created on 2013-12-28 19:29:32 +0100 by logger.rb/36483
I, [2013-12-28T19:29:32.781497 #36595]  INFO -- : 0:  rake (10.1.1) from /Users/thorstenclaus/.rvm/gems/ruby-2.0.0-p247@kt_sinatra/specifications/rake-10.1.1.gemspec
I, [2013-12-28T19:29:32.783569 #36595]  INFO -- : 0:  addressable (2.3.5) from /Users/thorstenclaus/.rvm/gems/ruby-2.0.0-p247@kt_sinatra/specifications/addressable-2.3.5.gemspec
I, [2013-12-28T19:29:32.784033 #36595]  INFO -- : 0:  backports (3.3.5) from /Users/thorstenclaus/.rvm/gems/ruby-2.0.0-p247@kt_sinatra/specifications/backports-3.3.5.gemspec
I, [2013-12-28T19:29:32.784322 #36595]  INFO -- : 0:  bcrypt-ruby (3.1.2) from /Users/thorstenclaus/.rvm/gems/ruby-2.0.0-p247@kt_sinatra/specifications/bcrypt-ruby-3.1.2.gemspec
I, [2013-12-28T19:29:32.784608 #36595]  INFO -- : 0:  mime-types (2.0) from /Users/thorstenclaus/.rvm/gems/ruby-2.0.0-p247@kt_sinatra/specifications/mime-types-2.0.gemspec
I, [2013-12-28T19:29:32.784855 #36595]  INFO -- : 0:  mini_portile (0.5.2) from /Users/thorstenclaus/.rvm/gems/ruby-2.0.0-p247@kt_sinatra/specifications/mini_portile-0.5.2.gemspec
I, [2013-12-28T19:29:32.785116 #36595]  INFO -- : 0:  nokogiri (1.6.1) from /Users/thorstenclaus/.rvm/gems/ruby-2.0.0-p247@kt_sinatra/specifications/nokogiri-1.6.1.gemspec
I, [2013-12-28T19:29:32.785356 #36595]  INFO -- : 0:  rack (1.5.2) from /Users/thorstenclaus/.rvm/gems/ruby-2.0.0-p247@kt_sinatra/specifications/rack-1.5.2.gemspec
I, [2013-12-28T19:29:32.785602 #36595]  INFO -- : 0:  rack-test (0.6.2) from /Users/thorstenclaus/.rvm/gems/ruby-2.0.0-p247@kt_sinatra/specifications/rack-test-0.6.2.gemspec
I, [2013-12-28T19:29:32.785845 #36595]  INFO -- : 0:  xpath (2.0.0) from /Users/thorstenclaus/.rvm/gems/ruby-2.0.0-p247@kt_sinatra/specifications/xpath-2.0.0.gemspec
I, [2013-12-28T19:29:32.786102 #36595]  INFO -- : 0:  capybara (2.2.0) from /Users/thorstenclaus/.rvm/gems/ruby-2.0.0-p247@kt_sinatra/specifications/capybara-2.2.0.gemspec
I, [2013-12-28T19:29:32.786332 #36595]  INFO -- : 0:  chunky_png (1.2.9) from /Users/thorstenclaus/.rvm/gems/ruby-2.0.0-p247@kt_sinatra/specifications/chunky_png-1.2.9.gemspec
I, [2013-12-28T19:29:32.786563 #36595]  INFO -- : 0:  fssm (0.2.10) from /Users/thorstenclaus/.rvm/gems/ruby-2.0.0-p247@kt_sinatra/specifications/fssm-0.2.10.gemspec
I, [2013-12-28T19:29:32.786808 #36595]  INFO -- : 0:  sass (3.2.13) from /Users/thorstenclaus/.rvm/gems/ruby-2.0.0-p247@kt_sinatra/specifications/sass-3.2.13.gemspec
I, [2013-12-28T19:29:32.787069 #36595]  INFO -- : 0:  compass (0.12.2) from /Users/thorstenclaus/.rvm/gems/ruby-2.0.0-p247@kt_sinatra/specifications/compass-0.12.2.gemspec
I, [2013-12-28T19:29:32.787339 #36595]  INFO -- : 0:  dm-core (1.2.1) from /Users/thorstenclaus/.rvm/gems/ruby-2.0.0-p247@kt_sinatra/specifications/dm-core-1.2.1.gemspec
I, [2013-12-28T19:29:32.787594 #36595]  INFO -- : 0:  dm-aggregates (1.2.0) from /Users/thorstenclaus/.rvm/gems/ruby-2.0.0-p247@kt_sinatra/specifications/dm-aggregates-1.2.0.gemspec
I, [2013-12-28T19:29:32.787844 #36595]  INFO -- : 0:  dm-constraints (1.2.0) from /Users/thorstenclaus/.rvm/gems/ruby-2.0.0-p247@kt_sinatra/specifications/dm-constraints-1.2.0.gemspec
I, [2013-12-28T19:29:32.788071 #36595]  INFO -- : 0:  dm-migrations (1.2.0) from /Users/thorstenclaus/.rvm/gems/ruby-2.0.0-p247@kt_sinatra/specifications/dm-migrations-1.2.0.gemspec
I, [2013-12-28T19:29:32.788307 #36595]  INFO -- : 0:  fastercsv (1.5.5) from /Users/thorstenclaus/.rvm/gems/ruby-2.0.0-p247@kt_sinatra/specifications/fastercsv-1.5.5.gemspec
I, [2013-12-28T19:29:32.788550 #36595]  INFO -- : 0:  json (1.8.1) from /Users/thorstenclaus/.rvm/gems/ruby-2.0.0-p247@kt_sinatra/specifications/json-1.8.1.gemspec
I, [2013-12-28T19:29:32.788787 #36595]  INFO -- : 0:  json_pure (1.8.1) from /Users/thorstenclaus/.rvm/gems/ruby-2.0.0-p247@kt_sinatra/specifications/json_pure-1.8.1.gemspec
I, [2013-12-28T19:29:32.789033 #36595]  INFO -- : 0:  multi_json (1.8.2) from /Users/thorstenclaus/.rvm/gems/ruby-2.0.0-p247@kt_sinatra/specifications/multi_json-1.8.2.gemspec
I, [2013-12-28T19:29:32.789289 #36595]  INFO -- : 0:  dm-serializer (1.2.2) from /Users/thorstenclaus/.rvm/gems/ruby-2.0.0-p247@kt_sinatra/specifications/dm-serializer-1.2.2.gemspec
I, [2013-12-28T19:29:32.789562 #36595]  INFO -- : 0:  dm-timestamps (1.2.0) from /Users/thorstenclaus/.rvm/gems/ruby-2.0.0-p247@kt_sinatra/specifications/dm-timestamps-1.2.0.gemspec
I, [2013-12-28T19:29:32.789808 #36595]  INFO -- : 0:  dm-transactions (1.2.0) from /Users/thorstenclaus/.rvm/gems/ruby-2.0.0-p247@kt_sinatra/specifications/dm-transactions-1.2.0.gemspec
I, [2013-12-28T19:29:32.790073 #36595]  INFO -- : 0:  stringex (1.5.1) from /Users/thorstenclaus/.rvm/gems/ruby-2.0.0-p247@kt_sinatra/specifications/stringex-1.5.1.gemspec
I, [2013-12-28T19:29:32.790324 #36595]  INFO -- : 0:  uuidtools (2.1.4) from /Users/thorstenclaus/.rvm/gems/ruby-2.0.0-p247@kt_sinatra/specifications/uuidtools-2.1.4.gemspec
I, [2013-12-28T19:29:32.790559 #36595]  INFO -- : 0:  dm-types (1.2.2) from /Users/thorstenclaus/.rvm/gems/ruby-2.0.0-p247@kt_sinatra/specifications/dm-types-1.2.2.gemspec
I, [2013-12-28T19:29:32.790813 #36595]  INFO -- : 0:  dm-validations (1.2.0) from /Users/thorstenclaus/.rvm/gems/ruby-2.0.0-p247@kt_sinatra/specifications/dm-validations-1.2.0.gemspec
I, [2013-12-28T19:29:32.791046 #36595]  INFO -- : 0:  data_mapper (1.2.0) from /Users/thorstenclaus/.rvm/gems/ruby-2.0.0-p247@kt_sinatra/specifications/data_mapper-1.2.0.gemspec
I, [2013-12-28T19:29:32.791276 #36595]  INFO -- : 0:  data_objects (0.10.13) from /Users/thorstenclaus/.rvm/gems/ruby-2.0.0-p247@kt_sinatra/specifications/data_objects-0.10.13.gemspec
I, [2013-12-28T19:29:32.791508 #36595]  INFO -- : 0:  diff-lcs (1.2.5) from /Users/thorstenclaus/.rvm/gems/ruby-2.0.0-p247@kt_sinatra/specifications/diff-lcs-1.2.5.gemspec
I, [2013-12-28T19:29:32.791737 #36595]  INFO -- : 0:  dm-do-adapter (1.2.0) from /Users/thorstenclaus/.rvm/gems/ruby-2.0.0-p247@kt_sinatra/specifications/dm-do-adapter-1.2.0.gemspec
I, [2013-12-28T19:29:32.791962 #36595]  INFO -- : 0:  do_sqlite3 (0.10.13) from /Users/thorstenclaus/.rvm/gems/ruby-2.0.0-p247@kt_sinatra/specifications/do_sqlite3-0.10.13.gemspec
I, [2013-12-28T19:29:32.792189 #36595]  INFO -- : 0:  dm-sqlite-adapter (1.2.0) from /Users/thorstenclaus/.rvm/gems/ruby-2.0.0-p247@kt_sinatra/specifications/dm-sqlite-adapter-1.2.0.gemspec
I, [2013-12-28T19:29:32.792420 #36595]  INFO -- : 0:  ffi (1.9.3) from /Users/thorstenclaus/.rvm/gems/ruby-2.0.0-p247@kt_sinatra/specifications/ffi-1.9.3.gemspec
I, [2013-12-28T19:29:32.792643 #36595]  INFO -- : 0:  tilt (1.4.1) from /Users/thorstenclaus/.rvm/gems/ruby-2.0.0-p247@kt_sinatra/specifications/tilt-1.4.1.gemspec
I, [2013-12-28T19:29:32.792877 #36595]  INFO -- : 0:  haml (4.0.4) from /Users/thorstenclaus/.rvm/gems/ruby-2.0.0-p247@kt_sinatra/specifications/haml-4.0.4.gemspec
I, [2013-12-28T19:29:32.793115 #36595]  INFO -- : 0:  multi_xml (0.5.5) from /Users/thorstenclaus/.rvm/gems/ruby-2.0.0-p247@kt_sinatra/specifications/multi_xml-0.5.5.gemspec
I, [2013-12-28T19:29:32.793374 #36595]  INFO -- : 0:  httparty (0.12.0) from /Users/thorstenclaus/.rvm/gems/ruby-2.0.0-p247@kt_sinatra/specifications/httparty-0.12.0.gemspec
I, [2013-12-28T19:29:32.793612 #36595]  INFO -- : 0:  jsmin (1.0.1) from /Users/thorstenclaus/.rvm/gems/ruby-2.0.0-p247@kt_sinatra/specifications/jsmin-1.0.1.gemspec
I, [2013-12-28T19:29:32.793872 #36595]  INFO -- : 0:  rb-fsevent (0.9.3) from /Users/thorstenclaus/.rvm/gems/ruby-2.0.0-p247@kt_sinatra/specifications/rb-fsevent-0.9.3.gemspec
I, [2013-12-28T19:29:32.794111 #36595]  INFO -- : 0:  rb-inotify (0.9.3) from /Users/thorstenclaus/.rvm/gems/ruby-2.0.0-p247@kt_sinatra/specifications/rb-inotify-0.9.3.gemspec
I, [2013-12-28T19:29:32.794340 #36595]  INFO -- : 0:  rb-kqueue (0.2.0) from /Users/thorstenclaus/.rvm/gems/ruby-2.0.0-p247@kt_sinatra/specifications/rb-kqueue-0.2.0.gemspec
I, [2013-12-28T19:29:32.794571 #36595]  INFO -- : 0:  listen (1.0.3) from /Users/thorstenclaus/.rvm/gems/ruby-2.0.0-p247@kt_sinatra/specifications/listen-1.0.3.gemspec
I, [2013-12-28T19:29:32.794806 #36595]  INFO -- : 0:  rack-flash3 (1.0.5) from /Users/thorstenclaus/.rvm/gems/ruby-2.0.0-p247@kt_sinatra/specifications/rack-flash3-1.0.5.gemspec
I, [2013-12-28T19:29:32.795057 #36595]  INFO -- : 0:  rack-protection (1.5.1) from /Users/thorstenclaus/.rvm/gems/ruby-2.0.0-p247@kt_sinatra/specifications/rack-protection-1.5.1.gemspec
I, [2013-12-28T19:29:32.795279 #36595]  INFO -- : 0:  rerun (0.8.2) from /Users/thorstenclaus/.rvm/gems/ruby-2.0.0-p247@kt_sinatra/specifications/rerun-0.8.2.gemspec
I, [2013-12-28T19:29:32.795513 #36595]  INFO -- : 0:  rspec-core (2.14.7) from /Users/thorstenclaus/.rvm/gems/ruby-2.0.0-p247@kt_sinatra/specifications/rspec-core-2.14.7.gemspec
I, [2013-12-28T19:29:32.795747 #36595]  INFO -- : 0:  rspec-expectations (2.14.4) from /Users/thorstenclaus/.rvm/gems/ruby-2.0.0-p247@kt_sinatra/specifications/rspec-expectations-2.14.4.gemspec
I, [2013-12-28T19:29:32.796007 #36595]  INFO -- : 0:  rspec-mocks (2.14.4) from /Users/thorstenclaus/.rvm/gems/ruby-2.0.0-p247@kt_sinatra/specifications/rspec-mocks-2.14.4.gemspec
I, [2013-12-28T19:29:32.796247 #36595]  INFO -- : 0:  rspec (2.14.1) from /Users/thorstenclaus/.rvm/gems/ruby-2.0.0-p247@kt_sinatra/specifications/rspec-2.14.1.gemspec
I, [2013-12-28T19:29:32.796482 #36595]  INFO -- : 0:  sinatra (1.4.4) from /Users/thorstenclaus/.rvm/gems/ruby-2.0.0-p247@kt_sinatra/specifications/sinatra-1.4.4.gemspec
I, [2013-12-28T19:29:32.796736 #36595]  INFO -- : 0:  sinatra-assetpack (0.3.1) from /Users/thorstenclaus/.rvm/gems/ruby-2.0.0-p247@kt_sinatra/specifications/sinatra-assetpack-0.3.1.gemspec
I, [2013-12-28T19:29:32.797000 #36595]  INFO -- : 0:  sinatra-contrib (1.4.2) from /Users/thorstenclaus/.rvm/gems/ruby-2.0.0-p247@kt_sinatra/specifications/sinatra-contrib-1.4.2.gemspec
I, [2013-12-28T19:29:32.797227 #36595]  INFO -- : 0:  bundler (1.5.1) from /Users/thorstenclaus/.rvm/gems/ruby-2.0.0-p247@kt_sinatra/specifications/bundler-1.5.1.gemspec
I, [2013-12-28T20:03:39.410153 #38074]  INFO -- : 0:  rake (10.1.1) from /Users/thorstenclaus/.rvm/gems/ruby-2.0.0-p247@kt_sinatra/specifications/rake-10.1.1.gemspec
I, [2013-12-28T20:03:39.411079 #38074]  INFO -- : 0:  addressable (2.3.5) from /Users/thorstenclaus/.rvm/gems/ruby-2.0.0-p247@kt_sinatra/specifications/addressable-2.3.5.gemspec
I, [2013-12-28T20:03:39.411320 #38074]  INFO -- : 0:  backports (3.3.5) from /Users/thorstenclaus/.rvm/gems/ruby-2.0.0-p247@kt_sinatra/specifications/backports-3.3.5.gemspec
I, [2013-12-28T20:03:39.411549 #38074]  INFO -- : 0:  bcrypt-ruby (3.1.2) from /Users/thorstenclaus/.rvm/gems/ruby-2.0.0-p247@kt_sinatra/specifications/bcrypt-ruby-3.1.2.gemspec
I, [2013-12-28T20:03:39.411775 #38074]  INFO -- : 0:  builder (3.2.2) from /Users/thorstenclaus/.rvm/gems/ruby-2.0.0-p247@kt_sinatra/specifications/builder-3.2.2.gemspec
I, [2013-12-28T20:03:39.412000 #38074]  INFO -- : 0:  braintree (2.27.1) from /Users/thorstenclaus/.rvm/gems/ruby-2.0.0-p247@kt_sinatra/specifications/braintree-2.27.1.gemspec
I, [2013-12-28T20:03:39.412221 #38074]  INFO -- : 0:  mime-types (2.0) from /Users/thorstenclaus/.rvm/gems/ruby-2.0.0-p247@kt_sinatra/specifications/mime-types-2.0.gemspec
I, [2013-12-28T20:03:39.412447 #38074]  INFO -- : 0:  mini_portile (0.5.2) from /Users/thorstenclaus/.rvm/gems/ruby-2.0.0-p247@kt_sinatra/specifications/mini_portile-0.5.2.gemspec
I, [2013-12-28T20:03:39.412681 #38074]  INFO -- : 0:  nokogiri (1.6.1) from /Users/thorstenclaus/.rvm/gems/ruby-2.0.0-p247@kt_sinatra/specifications/nokogiri-1.6.1.gemspec
I, [2013-12-28T20:03:39.412902 #38074]  INFO -- : 0:  rack (1.5.2) from /Users/thorstenclaus/.rvm/gems/ruby-2.0.0-p247@kt_sinatra/specifications/rack-1.5.2.gemspec
I, [2013-12-28T20:03:39.413127 #38074]  INFO -- : 0:  rack-test (0.6.2) from /Users/thorstenclaus/.rvm/gems/ruby-2.0.0-p247@kt_sinatra/specifications/rack-test-0.6.2.gemspec
I, [2013-12-28T20:03:39.413343 #38074]  INFO -- : 0:  xpath (2.0.0) from /Users/thorstenclaus/.rvm/gems/ruby-2.0.0-p247@kt_sinatra/specifications/xpath-2.0.0.gemspec
I, [2013-12-28T20:03:39.413562 #38074]  INFO -- : 0:  capybara (2.2.0) from /Users/thorstenclaus/.rvm/gems/ruby-2.0.0-p247@kt_sinatra/specifications/capybara-2.2.0.gemspec
I, [2013-12-28T20:03:39.413799 #38074]  INFO -- : 0:  chunky_png (1.2.9) from /Users/thorstenclaus/.rvm/gems/ruby-2.0.0-p247@kt_sinatra/specifications/chunky_png-1.2.9.gemspec
I, [2013-12-28T20:03:39.414018 #38074]  INFO -- : 0:  fssm (0.2.10) from /Users/thorstenclaus/.rvm/gems/ruby-2.0.0-p247@kt_sinatra/specifications/fssm-0.2.10.gemspec
I, [2013-12-28T20:03:39.414237 #38074]  INFO -- : 0:  sass (3.2.13) from /Users/thorstenclaus/.rvm/gems/ruby-2.0.0-p247@kt_sinatra/specifications/sass-3.2.13.gemspec
I, [2013-12-28T20:03:39.414456 #38074]  INFO -- : 0:  compass (0.12.2) from /Users/thorstenclaus/.rvm/gems/ruby-2.0.0-p247@kt_sinatra/specifications/compass-0.12.2.gemspec
I, [2013-12-28T20:03:39.414672 #38074]  INFO -- : 0:  dm-core (1.2.1) from /Users/thorstenclaus/.rvm/gems/ruby-2.0.0-p247@kt_sinatra/specifications/dm-core-1.2.1.gemspec
I, [2013-12-28T20:03:39.414905 #38074]  INFO -- : 0:  dm-aggregates (1.2.0) from /Users/thorstenclaus/.rvm/gems/ruby-2.0.0-p247@kt_sinatra/specifications/dm-aggregates-1.2.0.gemspec
I, [2013-12-28T20:03:39.415135 #38074]  INFO -- : 0:  dm-constraints (1.2.0) from /Users/thorstenclaus/.rvm/gems/ruby-2.0.0-p247@kt_sinatra/specifications/dm-constraints-1.2.0.gemspec
I, [2013-12-28T20:03:39.415349 #38074]  INFO -- : 0:  dm-migrations (1.2.0) from /Users/thorstenclaus/.rvm/gems/ruby-2.0.0-p247@kt_sinatra/specifications/dm-migrations-1.2.0.gemspec
I, [2013-12-28T20:03:39.415577 #38074]  INFO -- : 0:  fastercsv (1.5.5) from /Users/thorstenclaus/.rvm/gems/ruby-2.0.0-p247@kt_sinatra/specifications/fastercsv-1.5.5.gemspec
I, [2013-12-28T20:03:39.415812 #38074]  INFO -- : 0:  json (1.8.1) from /Users/thorstenclaus/.rvm/gems/ruby-2.0.0-p247@kt_sinatra/specifications/json-1.8.1.gemspec
I, [2013-12-28T20:03:39.416049 #38074]  INFO -- : 0:  json_pure (1.8.1) from /Users/thorstenclaus/.rvm/gems/ruby-2.0.0-p247@kt_sinatra/specifications/json_pure-1.8.1.gemspec
I, [2013-12-28T20:03:39.416285 #38074]  INFO -- : 0:  multi_json (1.8.2) from /Users/thorstenclaus/.rvm/gems/ruby-2.0.0-p247@kt_sinatra/specifications/multi_json-1.8.2.gemspec
I, [2013-12-28T20:03:39.416506 #38074]  INFO -- : 0:  dm-serializer (1.2.2) from /Users/thorstenclaus/.rvm/gems/ruby-2.0.0-p247@kt_sinatra/specifications/dm-serializer-1.2.2.gemspec
I, [2013-12-28T20:03:39.416741 #38074]  INFO -- : 0:  dm-timestamps (1.2.0) from /Users/thorstenclaus/.rvm/gems/ruby-2.0.0-p247@kt_sinatra/specifications/dm-timestamps-1.2.0.gemspec
I, [2013-12-28T20:03:39.416976 #38074]  INFO -- : 0:  dm-transactions (1.2.0) from /Users/thorstenclaus/.rvm/gems/ruby-2.0.0-p247@kt_sinatra/specifications/dm-transactions-1.2.0.gemspec
I, [2013-12-28T20:03:39.417214 #38074]  INFO -- : 0:  stringex (1.5.1) from /Users/thorstenclaus/.rvm/gems/ruby-2.0.0-p247@kt_sinatra/specifications/stringex-1.5.1.gemspec
I, [2013-12-28T20:03:39.417448 #38074]  INFO -- : 0:  uuidtools (2.1.4) from /Users/thorstenclaus/.rvm/gems/ruby-2.0.0-p247@kt_sinatra/specifications/uuidtools-2.1.4.gemspec
I, [2013-12-28T20:03:39.417681 #38074]  INFO -- : 0:  dm-types (1.2.2) from /Users/thorstenclaus/.rvm/gems/ruby-2.0.0-p247@kt_sinatra/specifications/dm-types-1.2.2.gemspec
I, [2013-12-28T20:03:39.417896 #38074]  INFO -- : 0:  dm-validations (1.2.0) from /Users/thorstenclaus/.rvm/gems/ruby-2.0.0-p247@kt_sinatra/specifications/dm-validations-1.2.0.gemspec
I, [2013-12-28T20:03:39.418129 #38074]  INFO -- : 0:  data_mapper (1.2.0) from /Users/thorstenclaus/.rvm/gems/ruby-2.0.0-p247@kt_sinatra/specifications/data_mapper-1.2.0.gemspec
I, [2013-12-28T20:03:39.418363 #38074]  INFO -- : 0:  data_objects (0.10.13) from /Users/thorstenclaus/.rvm/gems/ruby-2.0.0-p247@kt_sinatra/specifications/data_objects-0.10.13.gemspec
I, [2013-12-28T20:03:39.418601 #38074]  INFO -- : 0:  diff-lcs (1.2.5) from /Users/thorstenclaus/.rvm/gems/ruby-2.0.0-p247@kt_sinatra/specifications/diff-lcs-1.2.5.gemspec
I, [2013-12-28T20:03:39.418835 #38074]  INFO -- : 0:  dm-do-adapter (1.2.0) from /Users/thorstenclaus/.rvm/gems/ruby-2.0.0-p247@kt_sinatra/specifications/dm-do-adapter-1.2.0.gemspec
I, [2013-12-28T20:03:39.419054 #38074]  INFO -- : 0:  do_sqlite3 (0.10.13) from /Users/thorstenclaus/.rvm/gems/ruby-2.0.0-p247@kt_sinatra/specifications/do_sqlite3-0.10.13.gemspec
I, [2013-12-28T20:03:39.419301 #38074]  INFO -- : 0:  dm-sqlite-adapter (1.2.0) from /Users/thorstenclaus/.rvm/gems/ruby-2.0.0-p247@kt_sinatra/specifications/dm-sqlite-adapter-1.2.0.gemspec
I, [2013-12-28T20:03:39.419535 #38074]  INFO -- : 0:  ffi (1.9.3) from /Users/thorstenclaus/.rvm/gems/ruby-2.0.0-p247@kt_sinatra/specifications/ffi-1.9.3.gemspec
I, [2013-12-28T20:03:39.419768 #38074]  INFO -- : 0:  tilt (1.4.1) from /Users/thorstenclaus/.rvm/gems/ruby-2.0.0-p247@kt_sinatra/specifications/tilt-1.4.1.gemspec
I, [2013-12-28T20:03:39.419999 #38074]  INFO -- : 0:  haml (4.0.4) from /Users/thorstenclaus/.rvm/gems/ruby-2.0.0-p247@kt_sinatra/specifications/haml-4.0.4.gemspec
I, [2013-12-28T20:03:39.420232 #38074]  INFO -- : 0:  multi_xml (0.5.5) from /Users/thorstenclaus/.rvm/gems/ruby-2.0.0-p247@kt_sinatra/specifications/multi_xml-0.5.5.gemspec
I, [2013-12-28T20:03:39.420449 #38074]  INFO -- : 0:  httparty (0.12.0) from /Users/thorstenclaus/.rvm/gems/ruby-2.0.0-p247@kt_sinatra/specifications/httparty-0.12.0.gemspec
I, [2013-12-28T20:03:39.420680 #38074]  INFO -- : 0:  jsmin (1.0.1) from /Users/thorstenclaus/.rvm/gems/ruby-2.0.0-p247@kt_sinatra/specifications/jsmin-1.0.1.gemspec
I, [2013-12-28T20:03:39.421004 #38074]  INFO -- : 0:  rb-fsevent (0.9.3) from /Users/thorstenclaus/.rvm/gems/ruby-2.0.0-p247@kt_sinatra/specifications/rb-fsevent-0.9.3.gemspec
I, [2013-12-28T20:03:39.421299 #38074]  INFO -- : 0:  rb-inotify (0.9.3) from /Users/thorstenclaus/.rvm/gems/ruby-2.0.0-p247@kt_sinatra/specifications/rb-inotify-0.9.3.gemspec
I, [2013-12-28T20:03:39.421567 #38074]  INFO -- : 0:  rb-kqueue (0.2.0) from /Users/thorstenclaus/.rvm/gems/ruby-2.0.0-p247@kt_sinatra/specifications/rb-kqueue-0.2.0.gemspec
I, [2013-12-28T20:03:39.421868 #38074]  INFO -- : 0:  listen (1.0.3) from /Users/thorstenclaus/.rvm/gems/ruby-2.0.0-p247@kt_sinatra/specifications/listen-1.0.3.gemspec
I, [2013-12-28T20:03:39.422117 #38074]  INFO -- : 0:  rack-flash3 (1.0.5) from /Users/thorstenclaus/.rvm/gems/ruby-2.0.0-p247@kt_sinatra/specifications/rack-flash3-1.0.5.gemspec
I, [2013-12-28T20:03:39.422475 #38074]  INFO -- : 0:  rack-protection (1.5.1) from /Users/thorstenclaus/.rvm/gems/ruby-2.0.0-p247@kt_sinatra/specifications/rack-protection-1.5.1.gemspec
I, [2013-12-28T20:03:39.422823 #38074]  INFO -- : 0:  rerun (0.8.2) from /Users/thorstenclaus/.rvm/gems/ruby-2.0.0-p247@kt_sinatra/specifications/rerun-0.8.2.gemspec
I, [2013-12-28T20:03:39.423217 #38074]  INFO -- : 0:  rspec-core (2.14.7) from /Users/thorstenclaus/.rvm/gems/ruby-2.0.0-p247@kt_sinatra/specifications/rspec-core-2.14.7.gemspec
I, [2013-12-28T20:03:39.423663 #38074]  INFO -- : 0:  rspec-expectations (2.14.4) from /Users/thorstenclaus/.rvm/gems/ruby-2.0.0-p247@kt_sinatra/specifications/rspec-expectations-2.14.4.gemspec
I, [2013-12-28T20:03:39.423954 #38074]  INFO -- : 0:  rspec-mocks (2.14.4) from /Users/thorstenclaus/.rvm/gems/ruby-2.0.0-p247@kt_sinatra/specifications/rspec-mocks-2.14.4.gemspec
I, [2013-12-28T20:03:39.424268 #38074]  INFO -- : 0:  rspec (2.14.1) from /Users/thorstenclaus/.rvm/gems/ruby-2.0.0-p247@kt_sinatra/specifications/rspec-2.14.1.gemspec
I, [2013-12-28T20:03:39.424574 #38074]  INFO -- : 0:  sinatra (1.4.4) from /Users/thorstenclaus/.rvm/gems/ruby-2.0.0-p247@kt_sinatra/specifications/sinatra-1.4.4.gemspec
I, [2013-12-28T20:03:39.424906 #38074]  INFO -- : 0:  sinatra-assetpack (0.3.1) from /Users/thorstenclaus/.rvm/gems/ruby-2.0.0-p247@kt_sinatra/specifications/sinatra-assetpack-0.3.1.gemspec
I, [2013-12-28T20:03:39.425173 #38074]  INFO -- : 0:  sinatra-contrib (1.4.2) from /Users/thorstenclaus/.rvm/gems/ruby-2.0.0-p247@kt_sinatra/specifications/sinatra-contrib-1.4.2.gemspec
I, [2013-12-28T20:03:39.425434 #38074]  INFO -- : 0:  bundler (1.5.1) from /Users/thorstenclaus/.rvm/gems/ruby-2.0.0-p247@kt_sinatra/specifications/bundler-1.5.1.gemspec
I, [2013-12-30T11:47:29.862998 #94912]  INFO -- : 0:  rake (10.1.1) from /Users/thorstenclaus/.rvm/gems/ruby-2.0.0-p247@kt_sinatra/specifications/rake-10.1.1.gemspec
I, [2013-12-30T11:47:31.972671 #94912]  INFO -- : 0:  i18n (0.6.9) from /Users/thorstenclaus/.rvm/gems/ruby-2.0.0-p247@kt_sinatra/specifications/i18n-0.6.9.gemspec
I, [2013-12-30T11:47:33.057969 #94912]  INFO -- : 0:  minitest (4.7.5) from /Users/thorstenclaus/.rvm/gems/ruby-2.0.0-p247@kt_sinatra/specifications/minitest-4.7.5.gemspec
I, [2013-12-30T11:47:33.058346 #94912]  INFO -- : 0:  multi_json (1.8.2) from /Users/thorstenclaus/.rvm/gems/ruby-2.0.0-p247@kt_sinatra/specifications/multi_json-1.8.2.gemspec
I, [2013-12-30T11:47:34.967699 #94912]  INFO -- : 0:  atomic (1.1.14) from /Users/thorstenclaus/.rvm/gems/ruby-2.0.0-p247@kt_sinatra/specifications/atomic-1.1.14.gemspec
I, [2013-12-30T11:47:36.128971 #94912]  INFO -- : 0:  thread_safe (0.1.3) from /Users/thorstenclaus/.rvm/gems/ruby-2.0.0-p247@kt_sinatra/specifications/thread_safe-0.1.3.gemspec
I, [2013-12-30T11:47:37.690348 #94912]  INFO -- : 0:  tzinfo (0.3.38) from /Users/thorstenclaus/.rvm/gems/ruby-2.0.0-p247@kt_sinatra/specifications/tzinfo-0.3.38.gemspec
I, [2013-12-30T11:47:39.870532 #94912]  INFO -- : 0:  activesupport (4.0.2) from /Users/thorstenclaus/.rvm/gems/ruby-2.0.0-p247@kt_sinatra/specifications/activesupport-4.0.2.gemspec
I, [2013-12-30T11:47:39.870910 #94912]  INFO -- : 0:  addressable (2.3.5) from /Users/thorstenclaus/.rvm/gems/ruby-2.0.0-p247@kt_sinatra/specifications/addressable-2.3.5.gemspec
I, [2013-12-30T11:47:39.871158 #94912]  INFO -- : 0:  backports (3.3.5) from /Users/thorstenclaus/.rvm/gems/ruby-2.0.0-p247@kt_sinatra/specifications/backports-3.3.5.gemspec
I, [2013-12-30T11:47:39.871400 #94912]  INFO -- : 0:  bcrypt-ruby (3.1.2) from /Users/thorstenclaus/.rvm/gems/ruby-2.0.0-p247@kt_sinatra/specifications/bcrypt-ruby-3.1.2.gemspec
I, [2013-12-30T11:47:39.871635 #94912]  INFO -- : 0:  builder (3.2.2) from /Users/thorstenclaus/.rvm/gems/ruby-2.0.0-p247@kt_sinatra/specifications/builder-3.2.2.gemspec
I, [2013-12-30T11:47:39.871871 #94912]  INFO -- : 0:  braintree (2.27.1) from /Users/thorstenclaus/.rvm/gems/ruby-2.0.0-p247@kt_sinatra/specifications/braintree-2.27.1.gemspec
I, [2013-12-30T11:47:39.872098 #94912]  INFO -- : 0:  mime-types (2.0) from /Users/thorstenclaus/.rvm/gems/ruby-2.0.0-p247@kt_sinatra/specifications/mime-types-2.0.gemspec
I, [2013-12-30T11:47:39.872322 #94912]  INFO -- : 0:  mini_portile (0.5.2) from /Users/thorstenclaus/.rvm/gems/ruby-2.0.0-p247@kt_sinatra/specifications/mini_portile-0.5.2.gemspec
I, [2013-12-30T11:47:39.872549 #94912]  INFO -- : 0:  nokogiri (1.6.1) from /Users/thorstenclaus/.rvm/gems/ruby-2.0.0-p247@kt_sinatra/specifications/nokogiri-1.6.1.gemspec
I, [2013-12-30T11:47:39.872768 #94912]  INFO -- : 0:  rack (1.5.2) from /Users/thorstenclaus/.rvm/gems/ruby-2.0.0-p247@kt_sinatra/specifications/rack-1.5.2.gemspec
I, [2013-12-30T11:47:39.872995 #94912]  INFO -- : 0:  rack-test (0.6.2) from /Users/thorstenclaus/.rvm/gems/ruby-2.0.0-p247@kt_sinatra/specifications/rack-test-0.6.2.gemspec
I, [2013-12-30T11:47:39.873221 #94912]  INFO -- : 0:  xpath (2.0.0) from /Users/thorstenclaus/.rvm/gems/ruby-2.0.0-p247@kt_sinatra/specifications/xpath-2.0.0.gemspec
I, [2013-12-30T11:47:39.873446 #94912]  INFO -- : 0:  capybara (2.2.0) from /Users/thorstenclaus/.rvm/gems/ruby-2.0.0-p247@kt_sinatra/specifications/capybara-2.2.0.gemspec
I, [2013-12-30T11:47:39.873670 #94912]  INFO -- : 0:  chunky_png (1.2.9) from /Users/thorstenclaus/.rvm/gems/ruby-2.0.0-p247@kt_sinatra/specifications/chunky_png-1.2.9.gemspec
I, [2013-12-30T11:47:39.873895 #94912]  INFO -- : 0:  fssm (0.2.10) from /Users/thorstenclaus/.rvm/gems/ruby-2.0.0-p247@kt_sinatra/specifications/fssm-0.2.10.gemspec
I, [2013-12-30T11:47:39.874122 #94912]  INFO -- : 0:  sass (3.2.13) from /Users/thorstenclaus/.rvm/gems/ruby-2.0.0-p247@kt_sinatra/specifications/sass-3.2.13.gemspec
I, [2013-12-30T11:47:39.874345 #94912]  INFO -- : 0:  compass (0.12.2) from /Users/thorstenclaus/.rvm/gems/ruby-2.0.0-p247@kt_sinatra/specifications/compass-0.12.2.gemspec
I, [2013-12-30T11:47:39.874566 #94912]  INFO -- : 0:  dm-core (1.2.1) from /Users/thorstenclaus/.rvm/gems/ruby-2.0.0-p247@kt_sinatra/specifications/dm-core-1.2.1.gemspec
I, [2013-12-30T11:47:39.874812 #94912]  INFO -- : 0:  dm-aggregates (1.2.0) from /Users/thorstenclaus/.rvm/gems/ruby-2.0.0-p247@kt_sinatra/specifications/dm-aggregates-1.2.0.gemspec
I, [2013-12-30T11:47:39.875037 #94912]  INFO -- : 0:  dm-constraints (1.2.0) from /Users/thorstenclaus/.rvm/gems/ruby-2.0.0-p247@kt_sinatra/specifications/dm-constraints-1.2.0.gemspec
I, [2013-12-30T11:47:39.875260 #94912]  INFO -- : 0:  dm-migrations (1.2.0) from /Users/thorstenclaus/.rvm/gems/ruby-2.0.0-p247@kt_sinatra/specifications/dm-migrations-1.2.0.gemspec
I, [2013-12-30T11:47:39.875481 #94912]  INFO -- : 0:  fastercsv (1.5.5) from /Users/thorstenclaus/.rvm/gems/ruby-2.0.0-p247@kt_sinatra/specifications/fastercsv-1.5.5.gemspec
I, [2013-12-30T11:47:39.875708 #94912]  INFO -- : 0:  json (1.8.1) from /Users/thorstenclaus/.rvm/gems/ruby-2.0.0-p247@kt_sinatra/specifications/json-1.8.1.gemspec
I, [2013-12-30T11:47:39.875933 #94912]  INFO -- : 0:  json_pure (1.8.1) from /Users/thorstenclaus/.rvm/gems/ruby-2.0.0-p247@kt_sinatra/specifications/json_pure-1.8.1.gemspec
I, [2013-12-30T11:47:39.876157 #94912]  INFO -- : 0:  dm-serializer (1.2.2) from /Users/thorstenclaus/.rvm/gems/ruby-2.0.0-p247@kt_sinatra/specifications/dm-serializer-1.2.2.gemspec
I, [2013-12-30T11:47:39.876376 #94912]  INFO -- : 0:  dm-timestamps (1.2.0) from /Users/thorstenclaus/.rvm/gems/ruby-2.0.0-p247@kt_sinatra/specifications/dm-timestamps-1.2.0.gemspec
I, [2013-12-30T11:47:39.876599 #94912]  INFO -- : 0:  dm-transactions (1.2.0) from /Users/thorstenclaus/.rvm/gems/ruby-2.0.0-p247@kt_sinatra/specifications/dm-transactions-1.2.0.gemspec
I, [2013-12-30T11:47:39.876823 #94912]  INFO -- : 0:  stringex (1.5.1) from /Users/thorstenclaus/.rvm/gems/ruby-2.0.0-p247@kt_sinatra/specifications/stringex-1.5.1.gemspec
I, [2013-12-30T11:47:39.877046 #94912]  INFO -- : 0:  uuidtools (2.1.4) from /Users/thorstenclaus/.rvm/gems/ruby-2.0.0-p247@kt_sinatra/specifications/uuidtools-2.1.4.gemspec
I, [2013-12-30T11:47:39.877270 #94912]  INFO -- : 0:  dm-types (1.2.2) from /Users/thorstenclaus/.rvm/gems/ruby-2.0.0-p247@kt_sinatra/specifications/dm-types-1.2.2.gemspec
I, [2013-12-30T11:47:39.877491 #94912]  INFO -- : 0:  dm-validations (1.2.0) from /Users/thorstenclaus/.rvm/gems/ruby-2.0.0-p247@kt_sinatra/specifications/dm-validations-1.2.0.gemspec
I, [2013-12-30T11:47:39.877712 #94912]  INFO -- : 0:  data_mapper (1.2.0) from /Users/thorstenclaus/.rvm/gems/ruby-2.0.0-p247@kt_sinatra/specifications/data_mapper-1.2.0.gemspec
I, [2013-12-30T11:47:39.877931 #94912]  INFO -- : 0:  data_objects (0.10.13) from /Users/thorstenclaus/.rvm/gems/ruby-2.0.0-p247@kt_sinatra/specifications/data_objects-0.10.13.gemspec
I, [2013-12-30T11:47:39.878152 #94912]  INFO -- : 0:  diff-lcs (1.2.5) from /Users/thorstenclaus/.rvm/gems/ruby-2.0.0-p247@kt_sinatra/specifications/diff-lcs-1.2.5.gemspec
I, [2013-12-30T11:47:39.878369 #94912]  INFO -- : 0:  dm-do-adapter (1.2.0) from /Users/thorstenclaus/.rvm/gems/ruby-2.0.0-p247@kt_sinatra/specifications/dm-do-adapter-1.2.0.gemspec
I, [2013-12-30T11:47:39.878587 #94912]  INFO -- : 0:  do_sqlite3 (0.10.13) from /Users/thorstenclaus/.rvm/gems/ruby-2.0.0-p247@kt_sinatra/specifications/do_sqlite3-0.10.13.gemspec
I, [2013-12-30T11:47:39.878805 #94912]  INFO -- : 0:  dm-sqlite-adapter (1.2.0) from /Users/thorstenclaus/.rvm/gems/ruby-2.0.0-p247@kt_sinatra/specifications/dm-sqlite-adapter-1.2.0.gemspec
I, [2013-12-30T11:47:39.879024 #94912]  INFO -- : 0:  ffi (1.9.3) from /Users/thorstenclaus/.rvm/gems/ruby-2.0.0-p247@kt_sinatra/specifications/ffi-1.9.3.gemspec
I, [2013-12-30T11:47:39.879243 #94912]  INFO -- : 0:  tilt (1.4.1) from /Users/thorstenclaus/.rvm/gems/ruby-2.0.0-p247@kt_sinatra/specifications/tilt-1.4.1.gemspec
I, [2013-12-30T11:47:39.879460 #94912]  INFO -- : 0:  haml (4.0.4) from /Users/thorstenclaus/.rvm/gems/ruby-2.0.0-p247@kt_sinatra/specifications/haml-4.0.4.gemspec
I, [2013-12-30T11:47:39.879679 #94912]  INFO -- : 0:  multi_xml (0.5.5) from /Users/thorstenclaus/.rvm/gems/ruby-2.0.0-p247@kt_sinatra/specifications/multi_xml-0.5.5.gemspec
I, [2013-12-30T11:47:39.879914 #94912]  INFO -- : 0:  httparty (0.12.0) from /Users/thorstenclaus/.rvm/gems/ruby-2.0.0-p247@kt_sinatra/specifications/httparty-0.12.0.gemspec
I, [2013-12-30T11:47:39.880134 #94912]  INFO -- : 0:  jsmin (1.0.1) from /Users/thorstenclaus/.rvm/gems/ruby-2.0.0-p247@kt_sinatra/specifications/jsmin-1.0.1.gemspec
I, [2013-12-30T11:47:39.880353 #94912]  INFO -- : 0:  rb-fsevent (0.9.3) from /Users/thorstenclaus/.rvm/gems/ruby-2.0.0-p247@kt_sinatra/specifications/rb-fsevent-0.9.3.gemspec
I, [2013-12-30T11:47:39.880574 #94912]  INFO -- : 0:  rb-inotify (0.9.3) from /Users/thorstenclaus/.rvm/gems/ruby-2.0.0-p247@kt_sinatra/specifications/rb-inotify-0.9.3.gemspec
I, [2013-12-30T11:47:39.880794 #94912]  INFO -- : 0:  rb-kqueue (0.2.0) from /Users/thorstenclaus/.rvm/gems/ruby-2.0.0-p247@kt_sinatra/specifications/rb-kqueue-0.2.0.gemspec
I, [2013-12-30T11:47:39.881010 #94912]  INFO -- : 0:  listen (1.0.3) from /Users/thorstenclaus/.rvm/gems/ruby-2.0.0-p247@kt_sinatra/specifications/listen-1.0.3.gemspec
I, [2013-12-30T11:47:40.861447 #94912]  INFO -- : 0:  polyglot (0.3.3) from /Users/thorstenclaus/.rvm/gems/ruby-2.0.0-p247@kt_sinatra/specifications/polyglot-0.3.3.gemspec
I, [2013-12-30T11:47:42.013683 #94912]  INFO -- : 0:  treetop (1.4.15) from /Users/thorstenclaus/.rvm/gems/ruby-2.0.0-p247@kt_sinatra/specifications/treetop-1.4.15.gemspec
I, [2013-12-30T11:47:44.002726 #94912]  INFO -- : 0:  mail (2.2.7) from /Users/thorstenclaus/.rvm/gems/ruby-2.0.0-p247@kt_sinatra/specifications/mail-2.2.7.gemspec
I, [2013-12-30T11:47:44.003097 #94912]  INFO -- : 0:  rack-flash3 (1.0.5) from /Users/thorstenclaus/.rvm/gems/ruby-2.0.0-p247@kt_sinatra/specifications/rack-flash3-1.0.5.gemspec
I, [2013-12-30T11:47:44.003348 #94912]  INFO -- : 0:  rack-protection (1.5.1) from /Users/thorstenclaus/.rvm/gems/ruby-2.0.0-p247@kt_sinatra/specifications/rack-protection-1.5.1.gemspec
I, [2013-12-30T11:47:44.003582 #94912]  INFO -- : 0:  rerun (0.8.2) from /Users/thorstenclaus/.rvm/gems/ruby-2.0.0-p247@kt_sinatra/specifications/rerun-0.8.2.gemspec
I, [2013-12-30T11:47:44.003815 #94912]  INFO -- : 0:  rspec-core (2.14.7) from /Users/thorstenclaus/.rvm/gems/ruby-2.0.0-p247@kt_sinatra/specifications/rspec-core-2.14.7.gemspec
I, [2013-12-30T11:47:44.004045 #94912]  INFO -- : 0:  rspec-expectations (2.14.4) from /Users/thorstenclaus/.rvm/gems/ruby-2.0.0-p247@kt_sinatra/specifications/rspec-expectations-2.14.4.gemspec
I, [2013-12-30T11:47:44.004274 #94912]  INFO -- : 0:  rspec-mocks (2.14.4) from /Users/thorstenclaus/.rvm/gems/ruby-2.0.0-p247@kt_sinatra/specifications/rspec-mocks-2.14.4.gemspec
I, [2013-12-30T11:47:44.004498 #94912]  INFO -- : 0:  rspec (2.14.1) from /Users/thorstenclaus/.rvm/gems/ruby-2.0.0-p247@kt_sinatra/specifications/rspec-2.14.1.gemspec
I, [2013-12-30T11:47:44.004724 #94912]  INFO -- : 0:  sinatra (1.4.4) from /Users/thorstenclaus/.rvm/gems/ruby-2.0.0-p247@kt_sinatra/specifications/sinatra-1.4.4.gemspec
I, [2013-12-30T11:47:44.004948 #94912]  INFO -- : 0:  sinatra-assetpack (0.3.1) from /Users/thorstenclaus/.rvm/gems/ruby-2.0.0-p247@kt_sinatra/specifications/sinatra-assetpack-0.3.1.gemspec
I, [2013-12-30T11:47:44.005171 #94912]  INFO -- : 0:  sinatra-contrib (1.4.2) from /Users/thorstenclaus/.rvm/gems/ruby-2.0.0-p247@kt_sinatra/specifications/sinatra-contrib-1.4.2.gemspec
I, [2013-12-30T11:47:44.005390 #94912]  INFO -- : 0:  bundler (1.5.1) from /Users/thorstenclaus/.rvm/gems/ruby-2.0.0-p247@kt_sinatra/specifications/bundler-1.5.1.gemspec
